TN:
SF:src\constants\solutionContent.ts
FN:56,getSolutionContent
FN:58,(anonymous_1)
FN:59,(anonymous_2)
FNF:3
FNH:3
FNDA:10,getSolutionContent
FNDA:15,(anonymous_1)
FNDA:12,(anonymous_2)
DA:28,1
DA:57,10
DA:58,15
DA:59,12
DA:65,1
LF:5
LH:5
BRF:0
BRH:0
end_of_record
TN:
SF:src\constants\symptomContent.ts
FN:49,getSymptomContent
FN:51,(anonymous_1)
FN:52,(anonymous_2)
FNF:3
FNH:3
FNDA:7,getSymptomContent
FNDA:12,(anonymous_1)
FNDA:9,(anonymous_2)
DA:21,1
DA:50,7
DA:51,12
DA:52,9
DA:58,1
LF:5
LH:5
BRF:0
BRH:0
end_of_record
